<?xml version="1.0" encoding="UTF-8"?>
<!-- Generated by org.testng.reporters.JUnitReportReporter -->
<testsuite hostname="shrawan-HP-ProBook-440-G5" failures="0" tests="2" name="com.airtel.solution.testClass.MarvelDataTest" time="3.807" errors="0" timestamp="4 Jul 2020 12:48:51 GMT">
  <testcase classname="com.airtel.solution.testClass.MarvelDataTest" name="TC002_GetAllStoriesWithNoDiscription" time="2.602"/>
  <testcase classname="com.airtel.solution.testClass.MarvelDataTest" name="TC001_GetAllCharactersWithDiscription" time="1.205"/>
</testsuite> <!-- com.airtel.solution.testClass.MarvelDataTest -->
