<?xml version="1.0" encoding="UTF-8"?>
<!-- Generated by org.testng.reporters.JUnitReportReporter -->
<testsuite hostname="shrawan-HP-ProBook-440-G5" failures="0" tests="2" name="com.airtel.solution.testClass.MarvelDataTest" time="4.083" errors="0" timestamp="4 Jul 2020 12:57:39 GMT">
  <testcase classname="com.airtel.solution.testClass.MarvelDataTest" name="TC001_GetAllCharactersWithDiscription" time="2.822"/>
  <testcase classname="com.airtel.solution.testClass.MarvelDataTest" name="TC002_GetAllStoriesWithNoDiscription" time="1.261"/>
</testsuite> <!-- com.airtel.solution.testClass.MarvelDataTest -->
